<?xml version="1.0" encoding="UTF-8"?>
<!-- Generated by org.testng.reporters.JUnitReportReporter -->
<testsuite hostname="DESKTOP-021TREC" failures="0" tests="3" name="ReqResMockAPIAutomation.FetchGetUsers" time="5.149" errors="0" timestamp="2024-10-31T23:22:04 IST" skipped="0">
  <testcase classname="ReqResMockAPIAutomation.FetchGetUsers" name="getUsersList" time="3.565"/>
  <testcase classname="ReqResMockAPIAutomation.FetchGetUsers" name="getUsersList2" time="0.292"/>
  <testcase classname="ReqResMockAPIAutomation.FetchGetUsers" name="getUsersList3" time="1.292"/>
</testsuite> <!-- ReqResMockAPIAutomation.FetchGetUsers -->
